Added Component: Designator=AMS1117-3.3(SOT223)
Add component. Clean all parameters for all variants
Add component (AddParameter): Name = "ComponentType"; Value = "Linear voltage regulator"; VariantName = "[No Variations]"
Add component (AddParameter): Name = "CurrentOutput"; Value = "700mA"; VariantName = "[No Variations]"
Add component (AddParameter): Name = "HelpURL"; Value = ""; VariantName = "[No Variations]"
Add component (AddParameter): Name = "LCSC"; Value = "C6186"; VariantName = "[No Variations]"
Add component (AddParameter): Name = "Manufacturer"; Value = "Texas Instruments"; VariantName = "[No Variations]"
Add component (AddParameter): Name = "MaxDropout"; Value = "0.25V"; VariantName = "[No Variations]"
Add component (AddParameter): Name = "Package"; Value = "SOT-23-5"; VariantName = "[No Variations]"
Add component (AddParameter): Name = "Temperature"; Value = "-40...+85°C"; VariantName = "[No Variations]"
Add component (AddParameter): Name = "ValueManufacturerPartNumber"; Value = "Linear voltage regulator, input17V, 0.25V, output 3.3V, 700mA, -40...+85°C, SOT-23-5"; VariantName = "[No Variations]"
Add component (AddParameter): Name = "VoltageInput"; Value = "input17V"; VariantName = "[No Variations]"
Add component (AddParameter): Name = "VoltageOutput"; Value = "output 3.3V"; VariantName = "[No Variations]"
Added Component: Designator=AMS1117-3.3(SOT223)
Add component. Clean all parameters for all variants
Add component (AddParameter): Name = "ComponentType"; Value = "Linear voltage regulator"; VariantName = "[No Variations]"
Add component (AddParameter): Name = "CurrentOutput"; Value = "700mA"; VariantName = "[No Variations]"
Add component (AddParameter): Name = "HelpURL"; Value = ""; VariantName = "[No Variations]"
Add component (AddParameter): Name = "LCSC"; Value = "C6186"; VariantName = "[No Variations]"
Add component (AddParameter): Name = "Manufacturer"; Value = "Texas Instruments"; VariantName = "[No Variations]"
Add component (AddParameter): Name = "MaxDropout"; Value = "0.25V"; VariantName = "[No Variations]"
Add component (AddParameter): Name = "Package"; Value = "SOT-23-5"; VariantName = "[No Variations]"
Add component (AddParameter): Name = "Temperature"; Value = "-40...+85°C"; VariantName = "[No Variations]"
Add component (AddParameter): Name = "ValueManufacturerPartNumber"; Value = "Linear voltage regulator, input17V, 0.25V, output 3.3V, 700mA, -40...+85°C, SOT-23-5"; VariantName = "[No Variations]"
Add component (AddParameter): Name = "VoltageInput"; Value = "input17V"; VariantName = "[No Variations]"
Add component (AddParameter): Name = "VoltageOutput"; Value = "output 3.3V"; VariantName = "[No Variations]"
Added Pin To Net: NetName=GND Pin=AMS1117-3.3-1
Added Pin To Net: NetName=3V Pin=AMS1117-3.3-2
Added Pin To Net: NetName=3V Pin=AMS1117-3.3-2
Added Pin To Net: NetName=12V Pin=AMS1117-3.3-3
Added Member To Class: ClassName=0_10V Member=Component AMS1117-3.3 Linear voltage regulator, input17V, 0.25V, output 3.3V, 700mA, -40...+85°C, SOT-23-5
Added Member To Class: ClassName=0_10V Member=Component AMS1117-3.3 Linear voltage regulator, input17V, 0.25V, output 3.3V, 700mA, -40...+85°C, SOT-23-5
